{
  "RSpec": {
    "coverage": {
      "/home/developer/Documents/Rails/app_gallery/GalleryNew/spec/support/database_cleaner.rb": [
        1,
        1,
        1,
        null,
        null,
        1,
        4,
        null,
        null,
        1,
        0,
        null,
        null,
        1,
        4,
        null,
        null,
        1,
        4,
        null,
        null
      ],
      "/home/developer/Documents/Rails/app_gallery/GalleryNew/app/controllers/likes_controller.rb": [
        1,
        1,
        1,
        null,
        1,
        1,
        null,
        1,
        null,
        0,
        null,
        1,
        null,
        null,
        null,
        1,
        0,
        0,
        0,
        null,
        0,
        null,
        null,
        0,
        null,
        null,
        1,
        null,
        1,
        null,
        null,
        1,
        null,
        0,
        null,
        null
      ]
    },
    "timestamp": 1570112152
  }
}
