{
  "RSpec": {
    "coverage": {
      "/home/developer/Documents/Rails/app_gallery/GalleryNew/spec/support/database_cleaner.rb": [
        1,
        1,
        1,
        null,
        null,
        1,
        95,
        null,
        null,
        1,
        0,
        null,
        null,
        1,
        95,
        null,
        null,
        1,
        95,
        null,
        null
      ],
      "/home/developer/Documents/Rails/app_gallery/GalleryNew/app/controllers/categories_controller.rb": [
        1,
        1,
        1,
        0,
        null,
        null,
        0,
        0,
        0,
        null,
        null,
        null,
        1,
        0,
        0,
        null,
        null,
        1,
        0,
        null,
        null,
        1,
        0,
        null,
        null,
        1,
        0,
        null,
        0,
        0,
        null,
        0,
        null,
        null,
        null,
        1,
        0,
        null,
        0,
        0,
        null,
        0,
        null,
        null,
        null,
        1,
        0,
        0,
        0,
        null,
        0,
        null,
        null,
        null,
        null,
        null,
        1,
        0,
        0,
        null,
        0,
        0,
        null,
        0,
        null,
        null,
        null,
        0,
        null,
        null,
        1,
        1,
        0,
        null,
        null,
        1,
        0,
        0,
        null,
        null
      ],
      "/home/developer/Documents/Rails/app_gallery/GalleryNew/spec/controllers/comments_controller_spec.rb": [
        1,
        null,
        1,
        null,
        null
      ],
      "/home/developer/Documents/Rails/app_gallery/GalleryNew/app/controllers/comments_controller.rb": [
        1,
        1,
        1,
        null,
        1,
        0,
        0,
        null,
        null,
        1,
        0,
        0,
        0,
        0,
        0,
        null,
        0,
        null,
        0,
        null,
        null,
        1,
        0,
        0,
        0,
        0,
        null,
        null,
        1,
        1,
        0,
        null,
        null,
        1,
        null,
        0,
        null,
        null
      ],
      "/home/developer/Documents/Rails/app_gallery/GalleryNew/spec/controllers/image_loaders_controller_spec.rb": [
        null,
        null,
        null,
        null,
        null
      ],
      "/home/developer/Documents/Rails/app_gallery/GalleryNew/spec/controllers/images_controller_spec.rb": [
        1,
        null,
        1,
        null,
        null
      ],
      "/home/developer/Documents/Rails/app_gallery/GalleryNew/app/controllers/images_controller.rb": [
        1,
        1,
        1,
        null,
        1,
        0,
        null,
        null,
        0,
        null,
        null,
        1,
        null,
        null,
        1,
        null,
        null,
        1,
        0,
        null,
        null,
        1,
        0,
        0,
        0,
        0,
        null,
        0,
        null,
        null,
        null,
        1,
        0,
        null,
        0,
        0,
        0,
        null,
        0,
        null,
        null,
        null,
        1,
        null,
        null,
        1,
        0,
        0,
        null,
        0,
        null,
        null,
        null,
        1,
        0,
        0,
        null,
        0,
        null,
        null,
        1,
        null,
        1,
        0,
        null,
        null,
        1,
        0,
        null,
        null
      ],
      "/home/developer/Documents/Rails/app_gallery/GalleryNew/spec/controllers/likes_controller_spec.rb": [
        1,
        null,
        1,
        5,
        5,
        5,
        null,
        1,
        4,
        4,
        4,
        null,
        null,
        null,
        null,
        1,
        1,
        1,
        null,
        1,
        1,
        null,
        null,
        null,
        1,
        1,
        4,
        null,
        null,
        null,
        1,
        1,
        2,
        null,
        null,
        null
      ],
      "/home/developer/Documents/Rails/app_gallery/GalleryNew/app/controllers/likes_controller.rb": [
        1,
        1,
        1,
        null,
        1,
        1,
        null,
        1,
        null,
        0,
        null,
        1,
        null,
        null,
        1,
        1,
        1,
        1,
        null,
        1,
        null,
        1,
        null,
        null,
        1,
        null,
        1,
        null,
        null,
        1,
        null,
        1,
        null,
        null
      ],
      "/home/developer/Documents/Rails/app_gallery/GalleryNew/spec/controllers/profiles_controller_spec.rb": [
        1,
        null,
        1,
        2,
        2,
        null,
        null,
        null,
        null,
        null,
        null,
        null,
        null,
        null,
        null,
        null,
        null,
        null,
        null,
        null,
        1,
        1,
        1,
        null,
        1,
        1,
        null,
        1,
        1,
        null,
        1,
        1,
        null,
        null,
        null,
        null,
        null,
        null,
        null,
        null,
        null,
        null,
        null,
        null,
        null,
        null,
        null,
        null,
        null,
        null,
        null,
        null,
        null,
        null,
        1,
        1,
        1,
        null,
        null,
        null,
        1,
        1,
        1,
        2,
        null,
        null,
        null,
        null,
        null,
        null,
        null,
        null,
        null,
        null,
        null,
        null,
        null,
        null,
        null,
        null,
        null,
        null,
        null,
        null,
        null,
        null,
        null,
        null,
        null
      ],
      "/home/developer/Documents/Rails/app_gallery/GalleryNew/app/controllers/profiles_controller.rb": [
        1,
        1,
        0,
        null,
        null,
        1,
        1,
        1,
        1,
        1,
        null,
        0,
        0,
        null,
        null,
        null,
        1,
        0,
        0,
        0,
        0,
        null,
        null,
        null,
        null,
        null,
        null,
        null,
        null,
        null,
        null,
        1,
        null,
        1,
        1,
        null,
        null
      ],
      "/home/developer/Documents/Rails/app_gallery/GalleryNew/spec/controllers/registrations_controller_spec.rb": [
        1,
        null,
        1,
        null,
        null
      ],
      "/home/developer/Documents/Rails/app_gallery/GalleryNew/app/controllers/registrations_controller.rb": [
        1,
        1,
        null,
        null,
        1,
        0,
        0,
        0,
        null,
        0,
        null,
        null,
        null,
        1,
        0,
        0,
        null,
        0,
        0,
        0,
        0,
        0,
        null,
        null,
        null,
        null,
        1,
        0,
        null,
        null
      ],
      "/home/developer/Documents/Rails/app_gallery/GalleryNew/spec/controllers/static_pages_controller_spec.rb": [
        1,
        null,
        1,
        3,
        null,
        1,
        5,
        null,
        null,
        1,
        1,
        1,
        null,
        null,
        null,
        1,
        1,
        1,
        1,
        null,
        1,
        1,
        1,
        null,
        null,
        1,
        1,
        2,
        null,
        null,
        1,
        1,
        1,
        null,
        1,
        1,
        1,
        1,
        null,
        null,
        null,
        null
      ],
      "/home/developer/Documents/Rails/app_gallery/GalleryNew/app/controllers/static_pages_controller.rb": [
        1,
        1,
        null,
        1,
        4,
        0,
        null,
        null,
        null,
        1,
        0,
        null,
        null,
        0,
        0,
        0,
        null,
        0,
        null,
        null
      ],
      "/home/developer/Documents/Rails/app_gallery/GalleryNew/spec/controllers/subs_controller_spec.rb": [
        1,
        null,
        1,
        5,
        5,
        5,
        null,
        1,
        4,
        4,
        4,
        null,
        null,
        null,
        null,
        1,
        1,
        1,
        null,
        1,
        1,
        null,
        null,
        null,
        1,
        1,
        4,
        null,
        null,
        null,
        1,
        1,
        2,
        null,
        null,
        null
      ],
      "/home/developer/Documents/Rails/app_gallery/GalleryNew/app/controllers/subs_controller.rb": [
        1,
        1,
        1,
        null,
        1,
        null,
        0,
        null,
        1,
        null,
        null,
        1,
        1,
        1,
        1,
        null,
        1,
        null,
        1,
        null,
        null
      ],
      "/home/developer/Documents/Rails/app_gallery/GalleryNew/spec/controllers/users_controller_spec.rb": [
        1,
        null,
        1,
        null,
        null,
        null,
        null,
        null,
        null,
        null,
        null,
        null,
        null,
        1,
        1,
        1,
        null,
        1,
        1,
        null,
        1,
        1,
        null,
        null,
        null,
        null,
        null,
        null,
        null,
        null,
        null,
        null,
        null,
        null,
        null,
        null,
        null,
        null,
        null,
        null,
        null,
        null,
        null,
        null,
        null,
        null,
        null,
        null,
        null,
        null,
        null,
        null,
        null,
        null,
        null,
        null,
        null,
        null,
        null,
        null,
        null,
        null,
        null,
        null,
        null,
        null,
        null,
        null,
        null,
        null,
        null,
        null,
        null,
        null,
        null
      ],
      "/home/developer/Documents/Rails/app_gallery/GalleryNew/app/controllers/users_controller.rb": [
        1,
        null,
        null,
        null,
        null,
        null,
        null,
        null,
        null,
        1,
        0,
        0,
        0,
        null,
        null,
        1,
        0,
        0,
        null,
        null,
        null,
        null,
        null,
        null,
        null,
        null,
        null,
        null,
        1,
        0,
        null,
        null,
        1,
        1,
        0,
        null,
        null
      ],
      "/home/developer/Documents/Rails/app_gallery/GalleryNew/spec/helpers/categories_helper_spec.rb": [
        1,
        null,
        null,
        null,
        null,
        null,
        null,
        null,
        null,
        null,
        null,
        null,
        1,
        1,
        null
      ],
      "/home/developer/Documents/Rails/app_gallery/GalleryNew/spec/helpers/comments_helper_spec.rb": [
        1,
        null,
        null,
        null,
        null,
        null,
        null,
        null,
        null,
        null,
        null,
        null,
        1,
        1,
        null
      ],
      "/home/developer/Documents/Rails/app_gallery/GalleryNew/spec/helpers/image_loaders_helper_spec.rb": [
        1,
        null,
        null,
        null,
        null,
        null,
        null,
        null,
        null,
        null,
        null,
        null,
        1,
        1,
        null
      ],
      "/home/developer/Documents/Rails/app_gallery/GalleryNew/spec/helpers/images_helper_spec.rb": [
        1,
        null,
        null,
        null,
        null,
        null,
        null,
        null,
        null,
        null,
        null,
        null,
        1,
        1,
        null
      ],
      "/home/developer/Documents/Rails/app_gallery/GalleryNew/spec/helpers/likes_helper_spec.rb": [
        1,
        null,
        null,
        null,
        null,
        null,
        null,
        null,
        null,
        null,
        null,
        null,
        1,
        1,
        null
      ],
      "/home/developer/Documents/Rails/app_gallery/GalleryNew/spec/helpers/profiles_helper_spec.rb": [
        1,
        null,
        null,
        null,
        null,
        null,
        null,
        null,
        null,
        null,
        null,
        null,
        1,
        1,
        null
      ],
      "/home/developer/Documents/Rails/app_gallery/GalleryNew/spec/helpers/static_pages_helper_spec.rb": [
        1,
        null,
        null,
        null,
        null,
        null,
        null,
        null,
        null,
        null,
        null,
        null,
        1,
        1,
        null
      ],
      "/home/developer/Documents/Rails/app_gallery/GalleryNew/spec/helpers/subs_helper_spec.rb": [
        1,
        null,
        null,
        null,
        null,
        null,
        null,
        null,
        null,
        null,
        null,
        null,
        1,
        1,
        null
      ],
      "/home/developer/Documents/Rails/app_gallery/GalleryNew/spec/helpers/users_helper_spec.rb": [
        1,
        null,
        null,
        null,
        null,
        null,
        null,
        null,
        null,
        null,
        null,
        null,
        1,
        1,
        null
      ],
      "/home/developer/Documents/Rails/app_gallery/GalleryNew/spec/mailers/user_mailer_spec.rb": [
        1,
        null,
        1,
        1,
        null
      ],
      "/home/developer/Documents/Rails/app_gallery/GalleryNew/app/mailers/user_mailer.rb": [
        1,
        null,
        1,
        null,
        1,
        0,
        0,
        null,
        null,
        1,
        0,
        0,
        0,
        0,
        null,
        null,
        1,
        0,
        0,
        0,
        null,
        null
      ],
      "/home/developer/Documents/Rails/app_gallery/GalleryNew/app/mailers/application_mailer.rb": [
        1,
        1,
        null,
        1,
        null
      ],
      "/home/developer/Documents/Rails/app_gallery/GalleryNew/spec/models/action_spec.rb": [
        null,
        1,
        null,
        1,
        1,
        1,
        null,
        null,
        1,
        1,
        1,
        null,
        null,
        1,
        1,
        1,
        null,
        null,
        1,
        1,
        1,
        null,
        null,
        1,
        1,
        1,
        null,
        null,
        null,
        1,
        2,
        null,
        null
      ],
      "/home/developer/Documents/Rails/app_gallery/GalleryNew/spec/models/admin_user_spec.rb": [
        null,
        1,
        null,
        1,
        1,
        1,
        null,
        1,
        1,
        1,
        null,
        null,
        1,
        1,
        1,
        null,
        null,
        1,
        1,
        1,
        null,
        null,
        1,
        1,
        1,
        null,
        null,
        null
      ],
      "/home/developer/Documents/Rails/app_gallery/GalleryNew/spec/models/category_spec.rb": [
        null,
        1,
        1,
        null,
        1,
        1,
        9,
        null,
        1,
        1,
        null,
        1,
        1,
        1,
        null,
        null,
        1,
        1,
        1,
        null,
        null,
        1,
        1,
        1,
        null,
        null,
        1,
        1,
        4,
        null,
        null,
        null,
        1,
        null,
        2,
        2,
        null,
        null,
        1,
        1,
        1,
        1,
        null,
        null,
        null
      ],
      "/home/developer/Documents/Rails/app_gallery/GalleryNew/spec/models/concerns/subable_spec.rb": [
        1,
        0,
        null
      ],
      "/home/developer/Documents/Rails/app_gallery/GalleryNew/spec/models/comment_spec.rb": [
        null,
        1,
        null,
        1,
        1,
        1,
        1,
        null,
        1,
        1,
        1,
        null,
        null,
        1,
        1,
        1,
        null,
        null,
        1,
        1,
        1,
        null,
        null,
        1,
        1,
        1,
        null,
        null,
        null,
        1,
        2,
        null,
        null,
        1,
        1,
        1,
        1,
        null,
        null,
        null
      ],
      "/home/developer/Documents/Rails/app_gallery/GalleryNew/spec/models/concerns/likable_spec.rb": [
        1,
        2,
        null
      ],
      "/home/developer/Documents/Rails/app_gallery/GalleryNew/spec/models/image_loader_spec.rb": [
        null,
        1,
        null,
        1,
        1,
        1,
        null,
        null,
        1,
        1,
        1,
        null,
        null,
        null
      ],
      "/home/developer/Documents/Rails/app_gallery/GalleryNew/spec/models/image_spec.rb": [
        null,
        1,
        1,
        null,
        1,
        1,
        null,
        1,
        1,
        1,
        null,
        null,
        1,
        1,
        1,
        null,
        null,
        1,
        1,
        1,
        null,
        null,
        1,
        1,
        1,
        null,
        null,
        null,
        1,
        2,
        2,
        2,
        null,
        null,
        1,
        1,
        1,
        1,
        null,
        null,
        null
      ],
      "/home/developer/Documents/Rails/app_gallery/GalleryNew/spec/models/like_spec.rb": [
        null,
        1,
        null,
        1,
        1,
        1,
        1,
        null,
        null,
        1,
        1,
        1,
        null,
        null,
        1,
        1,
        1,
        null,
        null,
        1,
        1,
        1,
        null,
        null,
        1,
        1,
        1,
        null,
        null,
        1,
        1,
        1,
        null,
        null,
        null,
        1,
        2,
        2,
        2,
        2,
        null,
        null
      ],
      "/home/developer/Documents/Rails/app_gallery/GalleryNew/spec/models/profile_spec.rb": [
        null,
        1,
        null,
        1,
        1,
        1,
        null,
        null,
        1,
        1,
        1,
        null,
        null,
        1,
        1,
        1,
        null,
        null,
        1,
        1,
        1,
        null,
        null,
        1,
        1,
        1,
        null,
        null,
        1,
        1,
        1,
        null,
        null,
        null,
        1,
        2,
        null,
        null
      ],
      "/home/developer/Documents/Rails/app_gallery/GalleryNew/spec/models/sub_spec.rb": [
        null,
        1,
        null,
        1,
        1,
        1,
        1,
        null,
        null,
        1,
        1,
        1,
        null,
        null,
        1,
        1,
        1,
        null,
        null,
        1,
        1,
        1,
        null,
        null,
        1,
        1,
        1,
        null,
        null,
        1,
        1,
        1,
        null,
        null,
        null,
        1,
        2,
        2,
        2,
        2,
        null,
        null
      ],
      "/home/developer/Documents/Rails/app_gallery/GalleryNew/spec/models/user_spec.rb": [
        null,
        1,
        null,
        1,
        1,
        1,
        null,
        1,
        1,
        1,
        null,
        null,
        1,
        1,
        1,
        null,
        null,
        1,
        1,
        1,
        null,
        null,
        1,
        1,
        1,
        null,
        null,
        1,
        1,
        1,
        null,
        null,
        1,
        1,
        1,
        null,
        null,
        null,
        null,
        null,
        null,
        null,
        1,
        2,
        2,
        2,
        2,
        2,
        2,
        2,
        null,
        null,
        1,
        1,
        1,
        null,
        1,
        1,
        null,
        1,
        1,
        null,
        1,
        1,
        null,
        null,
        null,
        1,
        1,
        1,
        null,
        null,
        null,
        null
      ],
      "/home/developer/Documents/Rails/app_gallery/GalleryNew/spec/views/persons/profile.html.haml_spec.rb": [
        1,
        null,
        1,
        1,
        null
      ],
      "/home/developer/Documents/Rails/app_gallery/GalleryNew/spec/views/welcome/index.html.haml_spec.rb": [
        1,
        null,
        1,
        1,
        null
      ]
    },
    "timestamp": 1570436287
  }
}
